\BOOKMARK [1][-]{section*.2}{Eidesstattliche Erkl\344rung}{}% 1
\BOOKMARK [1][-]{section*.3}{Abstract}{}% 2
\BOOKMARK [1][-]{section*.4}{Danksagung}{}% 3
\BOOKMARK [1][-]{section*.5}{Abbildungsverzeichnis}{}% 4
\BOOKMARK [1][-]{section*.6}{Verzeichnis der Listings}{}% 5
\BOOKMARK [1][-]{section.1}{Einleitung}{}% 6
\BOOKMARK [2][-]{subsection.1.1}{Aufgabenstellung}{section.1}% 7
\BOOKMARK [3][-]{subsubsection.1.1.1}{Anwendung}{subsection.1.1}% 8
\BOOKMARK [3][-]{subsubsection.1.1.2}{Hardwareinterface - API}{subsection.1.1}% 9
\BOOKMARK [3][-]{subsubsection.1.1.3}{Hardware}{subsection.1.1}% 10
\BOOKMARK [2][-]{subsection.1.2}{Projektumgebung}{section.1}% 11
\BOOKMARK [3][-]{subsubsection.1.2.1}{Projektteam}{subsection.1.2}% 12
\BOOKMARK [3][-]{subsubsection.1.2.2}{Auftraggeber}{subsection.1.2}% 13
\BOOKMARK [3][-]{subsubsection.1.2.3}{Betreuer}{subsection.1.2}% 14
\BOOKMARK [2][-]{subsection.1.3}{Lizenz}{section.1}% 15
\BOOKMARK [2][-]{subsection.1.4}{Projektziele}{section.1}% 16
\BOOKMARK [2][-]{subsection.1.5}{Projektablauf}{section.1}% 17
\BOOKMARK [2][-]{subsection.1.6}{Innovation}{section.1}% 18
\BOOKMARK [2][-]{subsection.1.7}{Pers\366nliche Erfahrung}{section.1}% 19
\BOOKMARK [1][-]{section.2}{Verwendete Technologien \046 Werkzeuge}{}% 20
\BOOKMARK [2][-]{subsection.2.1}{C\043}{section.2}% 21
\BOOKMARK [2][-]{subsection.2.2}{.Net Framework}{section.2}% 22
\BOOKMARK [3][-]{subsubsection.2.2.1}{Allgemein}{subsection.2.2}% 23
\BOOKMARK [3][-]{subsubsection.2.2.2}{Alternativen}{subsection.2.2}% 24
\BOOKMARK [3][-]{subsubsection.2.2.3}{Einsatz im Projekt}{subsection.2.2}% 25
\BOOKMARK [2][-]{subsection.2.3}{Windows Presentation Foundation}{section.2}% 26
\BOOKMARK [3][-]{subsubsection.2.3.1}{Allgemein}{subsection.2.3}% 27
\BOOKMARK [3][-]{subsubsection.2.3.2}{MVVM}{subsection.2.3}% 28
\BOOKMARK [2][-]{subsection.2.4}{Visual Studio 2010}{section.2}% 29
\BOOKMARK [3][-]{subsubsection.2.4.1}{Allgemein}{subsection.2.4}% 30
\BOOKMARK [3][-]{subsubsection.2.4.2}{Alternativen}{subsection.2.4}% 31
\BOOKMARK [3][-]{subsubsection.2.4.3}{Einsatz im Projekt}{subsection.2.4}% 32
\BOOKMARK [2][-]{subsection.2.5}{Windows Presentation Foundation}{section.2}% 33
\BOOKMARK [3][-]{subsubsection.2.5.1}{Allgemein}{subsection.2.5}% 34
\BOOKMARK [3][-]{subsubsection.2.5.2}{MVVM}{subsection.2.5}% 35
\BOOKMARK [2][-]{subsection.2.6}{LaTeX}{section.2}% 36
\BOOKMARK [3][-]{subsubsection.2.6.1}{Allgemeines}{subsection.2.6}% 37
\BOOKMARK [3][-]{subsubsection.2.6.2}{Funktionsweise und Verwendete Software}{subsection.2.6}% 38
\BOOKMARK [3][-]{subsubsection.2.6.3}{Merkmale und Entscheidungskriterien}{subsection.2.6}% 39
\BOOKMARK [3][-]{subsubsection.2.6.4}{Alternativen}{subsection.2.6}% 40
\BOOKMARK [2][-]{subsection.2.7}{Subversion}{section.2}% 41
\BOOKMARK [3][-]{subsubsection.2.7.1}{Allgemein}{subsection.2.7}% 42
\BOOKMARK [3][-]{subsubsection.2.7.2}{Tortoise SVN}{subsection.2.7}% 43
\BOOKMARK [3][-]{subsubsection.2.7.3}{Alternativen}{subsection.2.7}% 44
\BOOKMARK [2][-]{subsection.2.8}{Google SketchUp}{section.2}% 45
\BOOKMARK [3][-]{subsubsection.2.8.1}{Allgemein}{subsection.2.8}% 46
\BOOKMARK [3][-]{subsubsection.2.8.2}{Einsatz im Projekt}{subsection.2.8}% 47
\BOOKMARK [3][-]{subsubsection.2.8.3}{Auswahlkriterien und Alternativen}{subsection.2.8}% 48
\BOOKMARK [2][-]{subsection.2.9}{Microsoft Expression Blend}{section.2}% 49
\BOOKMARK [3][-]{subsubsection.2.9.1}{Allgemein}{subsection.2.9}% 50
\BOOKMARK [3][-]{subsubsection.2.9.2}{Alternativen}{subsection.2.9}% 51
\BOOKMARK [2][-]{subsection.2.10}{.Net Micro Framework}{section.2}% 52
\BOOKMARK [3][-]{subsubsection.2.10.1}{Allgemein}{subsection.2.10}% 53
\BOOKMARK [3][-]{subsubsection.2.10.2}{Einsatz im Projekt}{subsection.2.10}% 54
\BOOKMARK [3][-]{subsubsection.2.10.3}{Alternativen und Auswahlkriterien}{subsection.2.10}% 55
\BOOKMARK [2][-]{subsection.2.11}{GoogleDocs}{section.2}% 56
\BOOKMARK [3][-]{subsubsection.2.11.1}{Allgemein}{subsection.2.11}% 57
\BOOKMARK [3][-]{subsubsection.2.11.2}{Einsatz im Projekt}{subsection.2.11}% 58
\BOOKMARK [3][-]{subsubsection.2.11.3}{Alternativen}{subsection.2.11}% 59
\BOOKMARK [2][-]{subsection.2.12}{Scrum}{section.2}% 60
\BOOKMARK [3][-]{subsubsection.2.12.1}{Allgemein}{subsection.2.12}% 61
\BOOKMARK [3][-]{subsubsection.2.12.2}{Scrum mit Pangoscrum}{subsection.2.12}% 62
\BOOKMARK [3][-]{subsubsection.2.12.3}{Einsatz im Projekt}{subsection.2.12}% 63
\BOOKMARK [1][-]{section.3}{Komponenten der Anwendung}{}% 64
\BOOKMARK [2][-]{subsection.3.1}{Visualisierung}{section.3}% 65
\BOOKMARK [3][-]{subsubsection.3.1.1}{Aufgaben}{subsection.3.1}% 66
\BOOKMARK [3][-]{subsubsection.3.1.2}{Allgemeines und Aufbau}{subsection.3.1}% 67
\BOOKMARK [3][-]{subsubsection.3.1.3}{Anfertigung und Vorbereitung der Modelle}{subsection.3.1}% 68
\BOOKMARK [3][-]{subsubsection.3.1.4}{Programmierung der Animation}{subsection.3.1}% 69
\BOOKMARK [1][-]{section.4}{Komponenten der API}{}% 70
\BOOKMARK [2][-]{subsection.4.1}{Die Edubot-Klasse}{section.4}% 71
\BOOKMARK [3][-]{subsubsection.4.1.1}{Aufgaben}{subsection.4.1}% 72
\BOOKMARK [3][-]{subsubsection.4.1.2}{Aufbau}{subsection.4.1}% 73
\BOOKMARK [3][-]{subsubsection.4.1.3}{Umsetzung}{subsection.4.1}% 74
\BOOKMARK [2][-]{subsection.4.2}{Adapter-System}{section.4}% 75
\BOOKMARK [3][-]{subsubsection.4.2.1}{Aufgaben}{subsection.4.2}% 76
\BOOKMARK [3][-]{subsubsection.4.2.2}{Aufbau}{subsection.4.2}% 77
\BOOKMARK [3][-]{subsubsection.4.2.3}{Umsetzung}{subsection.4.2}% 78
\BOOKMARK [2][-]{subsection.4.3}{Listener-System}{section.4}% 79
\BOOKMARK [3][-]{subsubsection.4.3.1}{Aufgaben}{subsection.4.3}% 80
\BOOKMARK [3][-]{subsubsection.4.3.2}{Aufbau}{subsection.4.3}% 81
\BOOKMARK [3][-]{subsubsection.4.3.3}{Umsetzung}{subsection.4.3}% 82
\BOOKMARK [2][-]{subsection.4.4}{Zustands-System}{section.4}% 83
\BOOKMARK [3][-]{subsubsection.4.4.1}{Aufgaben}{subsection.4.4}% 84
\BOOKMARK [3][-]{subsubsection.4.4.2}{Aufbau}{subsection.4.4}% 85
\BOOKMARK [3][-]{subsubsection.4.4.3}{Umsetzung}{subsection.4.4}% 86
\BOOKMARK [2][-]{subsection.4.5}{Kommando-System}{section.4}% 87
\BOOKMARK [3][-]{subsubsection.4.5.1}{Aufgaben}{subsection.4.5}% 88
\BOOKMARK [3][-]{subsubsection.4.5.2}{Aufbau}{subsection.4.5}% 89
\BOOKMARK [3][-]{subsubsection.4.5.3}{Umsetzung}{subsection.4.5}% 90
\BOOKMARK [2][-]{subsection.4.6}{Event-System}{section.4}% 91
\BOOKMARK [3][-]{subsubsection.4.6.1}{Aufgaben}{subsection.4.6}% 92
\BOOKMARK [3][-]{subsubsection.4.6.2}{Aufbau}{subsection.4.6}% 93
\BOOKMARK [3][-]{subsubsection.4.6.3}{Umsetzung}{subsection.4.6}% 94
\BOOKMARK [2][-]{subsection.4.7}{Kinematik}{section.4}% 95
\BOOKMARK [3][-]{subsubsection.4.7.1}{Aufgaben}{subsection.4.7}% 96
\BOOKMARK [3][-]{subsubsection.4.7.2}{Aufbau}{subsection.4.7}% 97
\BOOKMARK [3][-]{subsubsection.4.7.3}{Umsetzung}{subsection.4.7}% 98
\BOOKMARK [2][-]{subsection.4.8}{Interpolation}{section.4}% 99
\BOOKMARK [3][-]{subsubsection.4.8.1}{Aufgaben}{subsection.4.8}% 100
\BOOKMARK [3][-]{subsubsection.4.8.2}{Aufbau}{subsection.4.8}% 101
\BOOKMARK [3][-]{subsubsection.4.8.3}{Umsetzung}{subsection.4.8}% 102
\BOOKMARK [1][-]{section.5}{Komponenten des Edubot Modells}{}% 103
\BOOKMARK [2][-]{subsection.5.1}{Allgemein}{section.5}% 104
\BOOKMARK [3][-]{subsubsection.5.1.1}{Funktionen}{subsection.5.1}% 105
\BOOKMARK [3][-]{subsubsection.5.1.2}{Bedienung}{subsection.5.1}% 106
\BOOKMARK [2][-]{subsection.5.2}{Elektronik}{section.5}% 107
\BOOKMARK [3][-]{subsubsection.5.2.1}{Motoren und Steuerungen}{subsection.5.2}% 108
\BOOKMARK [2][-]{subsection.5.3}{Mikrocontroller}{section.5}% 109
\BOOKMARK [3][-]{subsubsection.5.3.1}{Allgemein}{subsection.5.3}% 110
\BOOKMARK [3][-]{subsubsection.5.3.2}{Die Klasse Executer}{subsection.5.3}% 111
\BOOKMARK [3][-]{subsubsection.5.3.3}{Der Taktgeber}{subsection.5.3}% 112
\BOOKMARK [3][-]{subsubsection.5.3.4}{Die Engine Klasse}{subsection.5.3}% 113
\BOOKMARK [3][-]{subsubsection.5.3.5}{Die ThreadManager Klasse}{subsection.5.3}% 114
\BOOKMARK [3][-]{subsubsection.5.3.6}{Der Homing Algorithmus}{subsection.5.3}% 115
\BOOKMARK [2][-]{subsection.5.4}{Konstruktion der Mechanik}{section.5}% 116
\BOOKMARK [2][-]{subsection.5.5}{Bau der Mechanik}{section.5}% 117
\BOOKMARK [3][-]{subsubsection.5.5.1}{Planung der Elektronik}{subsection.5.5}% 118
\BOOKMARK [3][-]{subsubsection.5.5.2}{Bau der Elektronik}{subsection.5.5}% 119
\BOOKMARK [2][-]{subsection.5.6}{Kostenaufstellung}{section.5}% 120
\BOOKMARK [2][-]{subsection.5.7}{Verbesserungsm\366glichkeiten}{section.5}% 121
\BOOKMARK [1][-]{section.6}{Komponenten des KEBA Modells}{}% 122
\BOOKMARK [2][-]{subsection.6.1}{Allgemein}{section.6}% 123
\BOOKMARK [3][-]{subsubsection.6.1.1}{Vorhandene Software}{subsection.6.1}% 124
\BOOKMARK [3][-]{subsubsection.6.1.2}{Vorhandene Hardware}{subsection.6.1}% 125
\BOOKMARK [2][-]{subsection.6.2}{Motoren}{section.6}% 126
\BOOKMARK [2][-]{subsection.6.3}{Netzwerkschnittstell}{section.6}% 127
\BOOKMARK [3][-]{subsubsection.6.3.1}{OSCAT Library}{subsection.6.3}% 128
\BOOKMARK [3][-]{subsubsection.6.3.2}{Implementierung}{subsection.6.3}% 129
\BOOKMARK [3][-]{subsubsection.6.3.3}{Ablauf der Netzwerkkommunikation}{subsection.6.3}% 130
\BOOKMARK [1][-]{section*.10}{Literatur}{}% 131
