\BOOKMARK [1][-]{section*.2}{Eidesstattliche Erkl\344rung}{}% 1
\BOOKMARK [1][-]{section*.3}{Abstract}{}% 2
\BOOKMARK [1][-]{section*.4}{Abbildungsverzeichnis}{}% 3
\BOOKMARK [1][-]{section*.5}{Tabellenverzeichnis}{}% 4
\BOOKMARK [1][-]{section*.6}{Verzeichnis der Listings}{}% 5
\BOOKMARK [1][-]{section.1}{Einleitung}{}% 6
\BOOKMARK [2][-]{subsection.1.1}{Aufgabenstellung}{section.1}% 7
\BOOKMARK [2][-]{subsection.1.2}{Projektumgebung}{section.1}% 8
\BOOKMARK [3][-]{subsubsection.1.2.1}{Projektteam}{subsection.1.2}% 9
\BOOKMARK [3][-]{subsubsection.1.2.2}{Auftraggeber}{subsection.1.2}% 10
\BOOKMARK [3][-]{subsubsection.1.2.3}{Betreuer}{subsection.1.2}% 11
\BOOKMARK [2][-]{subsection.1.3}{Lizenz}{section.1}% 12
\BOOKMARK [2][-]{subsection.1.4}{Projektziele}{section.1}% 13
\BOOKMARK [2][-]{subsection.1.5}{Projektablauf}{section.1}% 14
\BOOKMARK [2][-]{subsection.1.6}{Innovation}{section.1}% 15
\BOOKMARK [2][-]{subsection.1.7}{Pers\366nliche Erfahrung}{section.1}% 16
\BOOKMARK [1][-]{section.2}{Verwendete Technologien \046 Werkzeuge}{}% 17
\BOOKMARK [2][-]{subsection.2.1}{Android und Java}{section.2}% 18
\BOOKMARK [3][-]{subsubsection.2.1.1}{Android OS}{subsection.2.1}% 19
\BOOKMARK [3][-]{subsubsection.2.1.2}{Dalvik und JVM}{subsection.2.1}% 20
\BOOKMARK [3][-]{subsubsection.2.1.3}{Programmiersprache Java}{subsection.2.1}% 21
\BOOKMARK [2][-]{subsection.2.2}{Eclipse und das Android SDK}{section.2}% 22
\BOOKMARK [3][-]{subsubsection.2.2.1}{Eclipse IDE}{subsection.2.2}% 23
\BOOKMARK [3][-]{subsubsection.2.2.2}{Android SDK und Plugin}{subsection.2.2}% 24
\BOOKMARK [2][-]{subsection.2.3}{Subversion}{section.2}% 25
\BOOKMARK [3][-]{subsubsection.2.3.1}{Allgemein}{subsection.2.3}% 26
\BOOKMARK [3][-]{subsubsection.2.3.2}{TortoiseSVN}{subsection.2.3}% 27
\BOOKMARK [3][-]{subsubsection.2.3.3}{Versions}{subsection.2.3}% 28
\BOOKMARK [3][-]{subsubsection.2.3.4}{Subclipse}{subsection.2.3}% 29
\BOOKMARK [2][-]{subsection.2.4}{GIT}{section.2}% 30
\BOOKMARK [3][-]{subsubsection.2.4.1}{Allgemein}{subsection.2.4}% 31
\BOOKMARK [3][-]{subsubsection.2.4.2}{EGit}{subsection.2.4}% 32
\BOOKMARK [2][-]{subsection.2.5}{SQLite}{section.2}% 33
\BOOKMARK [2][-]{subsection.2.6}{ORMLite}{section.2}% 34
\BOOKMARK [2][-]{subsection.2.7}{POJO Sync}{section.2}% 35
\BOOKMARK [2][-]{subsection.2.8}{UI Tester}{section.2}% 36
\BOOKMARK [2][-]{subsection.2.9}{Jenkins CI}{section.2}% 37
\BOOKMARK [2][-]{subsection.2.10}{Bugzilla}{section.2}% 38
\BOOKMARK [3][-]{subsubsection.2.10.1}{Allgemein}{subsection.2.10}% 39
\BOOKMARK [3][-]{subsubsection.2.10.2}{Mylyn}{subsection.2.10}% 40
\BOOKMARK [2][-]{subsection.2.11}{Apache Ant}{section.2}% 41
\BOOKMARK [2][-]{subsection.2.12}{SCRUM}{section.2}% 42
\BOOKMARK [2][-]{subsection.2.13}{LaTeX}{section.2}% 43
\BOOKMARK [3][-]{subsubsection.2.13.1}{Das Softwarepaket LaTeX}{subsection.2.13}% 44
\BOOKMARK [3][-]{subsubsection.2.13.2}{TexMaker}{subsection.2.13}% 45
\BOOKMARK [1][-]{section.3}{Komponenten}{}% 46
\BOOKMARK [2][-]{subsection.3.1}{Synchronisierung}{section.3}% 47
\BOOKMARK [3][-]{subsubsection.3.1.1}{Aufgaben}{subsection.3.1}% 48
\BOOKMARK [3][-]{subsubsection.3.1.2}{Umsetzung}{subsection.3.1}% 49
\BOOKMARK [2][-]{subsection.3.2}{Serveranmeldung}{section.3}% 50
\BOOKMARK [3][-]{subsubsection.3.2.1}{Aufgaben}{subsection.3.2}% 51
\BOOKMARK [3][-]{subsubsection.3.2.2}{Aufbau}{subsection.3.2}% 52
\BOOKMARK [3][-]{subsubsection.3.2.3}{Umsetzung}{subsection.3.2}% 53
\BOOKMARK [2][-]{subsection.3.3}{Tierverwaltung}{section.3}% 54
\BOOKMARK [3][-]{subsubsection.3.3.1}{Aufgaben}{subsection.3.3}% 55
\BOOKMARK [3][-]{subsubsection.3.3.2}{Aufbau}{subsection.3.3}% 56
\BOOKMARK [3][-]{subsubsection.3.3.3}{Umsetzung}{subsection.3.3}% 57
\BOOKMARK [2][-]{subsection.3.4}{Gesundheitsverwaltung}{section.3}% 58
\BOOKMARK [3][-]{subsubsection.3.4.1}{Aufgaben}{subsection.3.4}% 59
\BOOKMARK [3][-]{subsubsection.3.4.2}{Aufbau}{subsection.3.4}% 60
\BOOKMARK [3][-]{subsubsection.3.4.3}{Umsetzung}{subsection.3.4}% 61
\BOOKMARK [2][-]{subsection.3.5}{Hauptfenster}{section.3}% 62
\BOOKMARK [3][-]{subsubsection.3.5.1}{Aufgaben}{subsection.3.5}% 63
\BOOKMARK [3][-]{subsubsection.3.5.2}{Aufbau}{subsection.3.5}% 64
\BOOKMARK [3][-]{subsubsection.3.5.3}{Umsetzung}{subsection.3.5}% 65
\BOOKMARK [2][-]{subsection.3.6}{Testrunner}{section.3}% 66
\BOOKMARK [3][-]{subsubsection.3.6.1}{Aufgaben}{subsection.3.6}% 67
\BOOKMARK [3][-]{subsubsection.3.6.2}{Aufbau}{subsection.3.6}% 68
\BOOKMARK [3][-]{subsubsection.3.6.3}{Umsetzung}{subsection.3.6}% 69
\BOOKMARK [1][-]{section*.10}{Literatur}{}% 70
