\BOOKMARK [1][-]{section*.2}{Eidesstattliche Erkl\344rung}{}% 1
\BOOKMARK [1][-]{section*.3}{Abstract}{}% 2
\BOOKMARK [1][-]{section*.4}{Danksagung}{}% 3
\BOOKMARK [1][-]{section*.5}{Abbildungsverzeichnis}{}% 4
\BOOKMARK [1][-]{section*.6}{Verzeichnis der Listings}{}% 5
\BOOKMARK [1][-]{section.1}{Einleitung}{}% 6
\BOOKMARK [2][-]{subsection.1.1}{Aufgabenstellung}{section.1}% 7
\BOOKMARK [3][-]{subsubsection.1.1.1}{Anwendung}{subsection.1.1}% 8
\BOOKMARK [3][-]{subsubsection.1.1.2}{Hardwareinterface - API}{subsection.1.1}% 9
\BOOKMARK [3][-]{subsubsection.1.1.3}{Hardware}{subsection.1.1}% 10
\BOOKMARK [2][-]{subsection.1.2}{Projektumgebung}{section.1}% 11
\BOOKMARK [3][-]{subsubsection.1.2.1}{Projektteam}{subsection.1.2}% 12
\BOOKMARK [3][-]{subsubsection.1.2.2}{Auftraggeber}{subsection.1.2}% 13
\BOOKMARK [3][-]{subsubsection.1.2.3}{Betreuer}{subsection.1.2}% 14
\BOOKMARK [2][-]{subsection.1.3}{Lizenz}{section.1}% 15
\BOOKMARK [2][-]{subsection.1.4}{Projektziele}{section.1}% 16
\BOOKMARK [2][-]{subsection.1.5}{Projektablauf}{section.1}% 17
\BOOKMARK [2][-]{subsection.1.6}{Innovation}{section.1}% 18
\BOOKMARK [2][-]{subsection.1.7}{Pers\366nliche Erfahrung}{section.1}% 19
\BOOKMARK [1][-]{section.2}{Verwendete Technologien \046 Werkzeuge}{}% 20
\BOOKMARK [2][-]{subsection.2.1}{C\043}{section.2}% 21
\BOOKMARK [2][-]{subsection.2.2}{.Net Framework}{section.2}% 22
\BOOKMARK [2][-]{subsection.2.3}{Windows Presentation Foundation}{section.2}% 23
\BOOKMARK [3][-]{subsubsection.2.3.1}{Allgemein}{subsection.2.3}% 24
\BOOKMARK [3][-]{subsubsection.2.3.2}{MVVM}{subsection.2.3}% 25
\BOOKMARK [2][-]{subsection.2.4}{Visual Studio 2010}{section.2}% 26
\BOOKMARK [3][-]{subsubsection.2.4.1}{Allgemein}{subsection.2.4}% 27
\BOOKMARK [2][-]{subsection.2.5}{Alternativen}{section.2}% 28
\BOOKMARK [3][-]{subsubsection.2.5.1}{Einsatz im Projekt}{subsection.2.5}% 29
\BOOKMARK [2][-]{subsection.2.6}{Windows Presentation Foundation}{section.2}% 30
\BOOKMARK [3][-]{subsubsection.2.6.1}{Allgemein}{subsection.2.6}% 31
\BOOKMARK [3][-]{subsubsection.2.6.2}{MVVM}{subsection.2.6}% 32
\BOOKMARK [2][-]{subsection.2.7}{LaTeX}{section.2}% 33
\BOOKMARK [3][-]{subsubsection.2.7.1}{Allgemeines}{subsection.2.7}% 34
\BOOKMARK [3][-]{subsubsection.2.7.2}{Funktionsweise und Verwendete Software}{subsection.2.7}% 35
\BOOKMARK [3][-]{subsubsection.2.7.3}{Merkmale und Entscheidungskriterien}{subsection.2.7}% 36
\BOOKMARK [3][-]{subsubsection.2.7.4}{Alternativen}{subsection.2.7}% 37
\BOOKMARK [2][-]{subsection.2.8}{Subversion}{section.2}% 38
\BOOKMARK [3][-]{subsubsection.2.8.1}{Allgemein}{subsection.2.8}% 39
\BOOKMARK [3][-]{subsubsection.2.8.2}{Tortoise SVN}{subsection.2.8}% 40
\BOOKMARK [3][-]{subsubsection.2.8.3}{Alternativen}{subsection.2.8}% 41
\BOOKMARK [2][-]{subsection.2.9}{Google SketchUp}{section.2}% 42
\BOOKMARK [3][-]{subsubsection.2.9.1}{Allgemein}{subsection.2.9}% 43
\BOOKMARK [3][-]{subsubsection.2.9.2}{Einsatz im Projekt}{subsection.2.9}% 44
\BOOKMARK [3][-]{subsubsection.2.9.3}{Auswahlkriterien und Alternativen}{subsection.2.9}% 45
\BOOKMARK [2][-]{subsection.2.10}{Microsoft Expression Blend}{section.2}% 46
\BOOKMARK [3][-]{subsubsection.2.10.1}{Allgemein}{subsection.2.10}% 47
\BOOKMARK [3][-]{subsubsection.2.10.2}{Alternativen}{subsection.2.10}% 48
\BOOKMARK [2][-]{subsection.2.11}{.Net Micro Framework}{section.2}% 49
\BOOKMARK [3][-]{subsubsection.2.11.1}{Allgemein}{subsection.2.11}% 50
\BOOKMARK [3][-]{subsubsection.2.11.2}{Einsatz im Projekt}{subsection.2.11}% 51
\BOOKMARK [3][-]{subsubsection.2.11.3}{Alternativen und Auswahlkriterien}{subsection.2.11}% 52
\BOOKMARK [2][-]{subsection.2.12}{GoogleDocs}{section.2}% 53
\BOOKMARK [3][-]{subsubsection.2.12.1}{Allgemein}{subsection.2.12}% 54
\BOOKMARK [3][-]{subsubsection.2.12.2}{Einsatz im Projekt}{subsection.2.12}% 55
\BOOKMARK [3][-]{subsubsection.2.12.3}{Alternativen}{subsection.2.12}% 56
\BOOKMARK [1][-]{section.3}{Komponenten der API}{}% 57
\BOOKMARK [2][-]{subsection.3.1}{Die Edubot-Klasse}{section.3}% 58
\BOOKMARK [3][-]{subsubsection.3.1.1}{Aufgaben}{subsection.3.1}% 59
\BOOKMARK [3][-]{subsubsection.3.1.2}{Aufbau}{subsection.3.1}% 60
\BOOKMARK [3][-]{subsubsection.3.1.3}{Umsetzung}{subsection.3.1}% 61
\BOOKMARK [2][-]{subsection.3.2}{Adapter-System}{section.3}% 62
\BOOKMARK [3][-]{subsubsection.3.2.1}{Aufgaben}{subsection.3.2}% 63
\BOOKMARK [3][-]{subsubsection.3.2.2}{Aufbau}{subsection.3.2}% 64
\BOOKMARK [3][-]{subsubsection.3.2.3}{Umsetzung}{subsection.3.2}% 65
\BOOKMARK [2][-]{subsection.3.3}{Listener-System}{section.3}% 66
\BOOKMARK [3][-]{subsubsection.3.3.1}{Aufgaben}{subsection.3.3}% 67
\BOOKMARK [3][-]{subsubsection.3.3.2}{Aufbau}{subsection.3.3}% 68
\BOOKMARK [3][-]{subsubsection.3.3.3}{Umsetzung}{subsection.3.3}% 69
\BOOKMARK [2][-]{subsection.3.4}{Zustands-System}{section.3}% 70
\BOOKMARK [3][-]{subsubsection.3.4.1}{Aufgaben}{subsection.3.4}% 71
\BOOKMARK [3][-]{subsubsection.3.4.2}{Aufbau}{subsection.3.4}% 72
\BOOKMARK [3][-]{subsubsection.3.4.3}{Umsetzung}{subsection.3.4}% 73
\BOOKMARK [2][-]{subsection.3.5}{Kommando-System}{section.3}% 74
\BOOKMARK [3][-]{subsubsection.3.5.1}{Aufgaben}{subsection.3.5}% 75
\BOOKMARK [3][-]{subsubsection.3.5.2}{Aufbau}{subsection.3.5}% 76
\BOOKMARK [3][-]{subsubsection.3.5.3}{Umsetzung}{subsection.3.5}% 77
\BOOKMARK [2][-]{subsection.3.6}{Event-System}{section.3}% 78
\BOOKMARK [3][-]{subsubsection.3.6.1}{Aufgaben}{subsection.3.6}% 79
\BOOKMARK [3][-]{subsubsection.3.6.2}{Aufbau}{subsection.3.6}% 80
\BOOKMARK [3][-]{subsubsection.3.6.3}{Umsetzung}{subsection.3.6}% 81
\BOOKMARK [2][-]{subsection.3.7}{Kinematik}{section.3}% 82
\BOOKMARK [3][-]{subsubsection.3.7.1}{Aufgaben}{subsection.3.7}% 83
\BOOKMARK [3][-]{subsubsection.3.7.2}{Aufbau}{subsection.3.7}% 84
\BOOKMARK [3][-]{subsubsection.3.7.3}{Umsetzung}{subsection.3.7}% 85
\BOOKMARK [2][-]{subsection.3.8}{Interpolation}{section.3}% 86
\BOOKMARK [3][-]{subsubsection.3.8.1}{Aufgaben}{subsection.3.8}% 87
\BOOKMARK [3][-]{subsubsection.3.8.2}{Aufbau}{subsection.3.8}% 88
\BOOKMARK [3][-]{subsubsection.3.8.3}{Umsetzung}{subsection.3.8}% 89
\BOOKMARK [1][-]{section.4}{Komponenten der Hardware}{}% 90
\BOOKMARK [2][-]{subsection.4.1}{Allgemein}{section.4}% 91
\BOOKMARK [2][-]{subsection.4.2}{Edubot Modell}{section.4}% 92
\BOOKMARK [3][-]{subsubsection.4.2.1}{Allgemeines}{subsection.4.2}% 93
\BOOKMARK [3][-]{subsubsection.4.2.2}{Konstruktion der Mechanik}{subsection.4.2}% 94
\BOOKMARK [3][-]{subsubsection.4.2.3}{Bau der Mechanik}{subsection.4.2}% 95
\BOOKMARK [3][-]{subsubsection.4.2.4}{Planung der Elektronik}{subsection.4.2}% 96
\BOOKMARK [3][-]{subsubsection.4.2.5}{Bau der Elektronik}{subsection.4.2}% 97
\BOOKMARK [3][-]{subsubsection.4.2.6}{Mikrocontrollerprogramm}{subsection.4.2}% 98
\BOOKMARK [3][-]{subsubsection.4.2.7}{Kostenaufstellung}{subsection.4.2}% 99
\BOOKMARK [2][-]{subsection.4.3}{Keba Modell}{section.4}% 100
\BOOKMARK [1][-]{section*.8}{Literatur}{}% 101
